# JRE version: Java(TM) SE Runtime Environment (8.0_92-b14) (build 1.8.0_92-b14)
# Java VM: Java HotSpot(TM) 64-Bit Server VM (25.92-b14 mixed mode linux-amd64 compressed oops)
Heap:
 PSYoungGen      total 139776K, used 8575K [0x00000000eab00000, 0x00000000fb300000, 0x0000000100000000)
  eden space 107520K, 0% used [0x00000000eab00000,0x00000000eab00000,0x00000000f1400000)
  from space 32256K, 26% used [0x00000000f1400000,0x00000000f1c5ff18,0x00000000f3380000)
  to   space 54272K, 0% used [0x00000000f7e00000,0x00000000f7e00000,0x00000000fb300000)
 ParOldGen       total 99840K, used 99795K [0x00000000c0000000, 0x00000000c6180000, 0x00000000eab00000)
  object space 99840K, 99% used [0x00000000c0000000,0x00000000c6174c20,0x00000000c6180000)
 Metaspace       used 6101K, capacity 7000K, committed 7168K, reserved 1056768K
  class space    used 610K, capacity 656K, committed 768K, reserved 1048576K
GC Heap History (10 events):
Event: 3.970 GC heap after
Heap after GC invocations=4 (full 0):
 PSYoungGen      total 66048K, used 2544K [0x00000000eab00000, 0x00000000eee00000, 0x0000000100000000)
  eden space 63488K, 0% used [0x00000000eab00000,0x00000000eab00000,0x00000000ee900000)
  from space 2560K, 99% used [0x00000000eeb80000,0x00000000eedfc038,0x00000000eee00000)
  to   space 2560K, 0% used [0x00000000ee900000,0x00000000ee900000,0x00000000eeb80000)
 ParOldGen       total 42496K, used 11131K [0x00000000c0000000, 0x00000000c2980000, 0x00000000eab00000)
  object space 42496K, 26% used [0x00000000c0000000,0x00000000c0aded10,0x00000000c2980000)
 Metaspace       used 5876K, capacity 6896K, committed 7040K, reserved 1056768K
  class space    used 589K, capacity 616K, committed 640K, reserved 1048576K
}
Event: 4.905 GC heap before
{Heap before GC invocations=5 (full 0):
 PSYoungGen      total 66048K, used 66032K [0x00000000eab00000, 0x00000000eee00000, 0x0000000100000000)
  eden space 63488K, 100% used [0x00000000eab00000,0x00000000ee900000,0x00000000ee900000)
  from space 2560K, 99% used [0x00000000eeb80000,0x00000000eedfc038,0x00000000eee00000)
  to   space 2560K, 0% used [0x00000000ee900000,0x00000000ee900000,0x00000000eeb80000)
 ParOldGen       total 42496K, used 11131K [0x00000000c0000000, 0x00000000c2980000, 0x00000000eab00000)
  object space 42496K, 26% used [0x00000000c0000000,0x00000000c0aded10,0x00000000c2980000)
 Metaspace       used 6046K, capacity 7000K, committed 7168K, reserved 1056768K
  class space    used 609K, capacity 656K, committed 768K, reserved 1048576K
Event: 4.994 GC heap after
Heap after GC invocations=5 (full 0):
 PSYoungGen      total 66048K, used 2548K [0x00000000eab00000, 0x00000000f4000000, 0x0000000100000000)
  eden space 63488K, 0% used [0x00000000eab00000,0x00000000eab00000,0x00000000ee900000)
  from space 2560K, 99% used [0x00000000ee900000,0x00000000eeb7d0c0,0x00000000eeb80000)
  to   space 12800K, 0% used [0x00000000f3380000,0x00000000f3380000,0x00000000f4000000)
 ParOldGen       total 42496K, used 19983K [0x00000000c0000000, 0x00000000c2980000, 0x00000000eab00000)
  object space 42496K, 47% used [0x00000000c0000000,0x00000000c1383f10,0x00000000c2980000)
 Metaspace       used 6046K, capacity 7000K, committed 7168K, reserved 1056768K
  class space    used 609K, capacity 656K, committed 768K, reserved 1048576K
}
Event: 10.450 GC heap before
{Heap before GC invocations=6 (full 0):
 PSYoungGen      total 66048K, used 66036K [0x00000000eab00000, 0x00000000f4000000, 0x0000000100000000)
  eden space 63488K, 100% used [0x00000000eab00000,0x00000000ee900000,0x00000000ee900000)
  from space 2560K, 99% used [0x00000000ee900000,0x00000000eeb7d0c0,0x00000000eeb80000)
  to   space 12800K, 0% used [0x00000000f3380000,0x00000000f3380000,0x00000000f4000000)
 ParOldGen       total 42496K, used 19983K [0x00000000c0000000, 0x00000000c2980000, 0x00000000eab00000)
  object space 42496K, 47% used [0x00000000c0000000,0x00000000c1383f10,0x00000000c2980000)
 Metaspace       used 6100K, capacity 7000K, committed 7168K, reserved 1056768K
  class space    used 610K, capacity 656K, committed 768K, reserved 1048576K
Event: 10.599 GC heap after
Heap after GC invocations=6 (full 0):
 PSYoungGen      total 120320K, used 12796K [0x00000000eab00000, 0x00000000f6600000, 0x0000000100000000)
  eden space 107520K, 0% used [0x00000000eab00000,0x00000000eab00000,0x00000000f1400000)
  from space 12800K, 99% used [0x00000000f3380000,0x00000000f3fff3e0,0x00000000f4000000)
  to   space 32256K, 0% used [0x00000000f1400000,0x00000000f1400000,0x00000000f3380000)
 ParOldGen       total 50688K, used 50365K [0x00000000c0000000, 0x00000000c3180000, 0x00000000eab00000)
  object space 50688K, 99% used [0x00000000c0000000,0x00000000c312f638,0x00000000c3180000)
 Metaspace       used 6100K, capacity 7000K, committed 7168K, reserved 1056768K
  class space    used 610K, capacity 656K, committed 768K, reserved 1048576K
}
Event: 10.599 GC heap before
{Heap before GC invocations=7 (full 1):
 PSYoungGen      total 120320K, used 12796K [0x00000000eab00000, 0x00000000f6600000, 0x0000000100000000)
  eden space 107520K, 0% used [0x00000000eab00000,0x00000000eab00000,0x00000000f1400000)
  from space 12800K, 99% used [0x00000000f3380000,0x00000000f3fff3e0,0x00000000f4000000)
  to   space 32256K, 0% used [0x00000000f1400000,0x00000000f1400000,0x00000000f3380000)
 ParOldGen       total 50688K, used 50365K [0x00000000c0000000, 0x00000000c3180000, 0x00000000eab00000)
  object space 50688K, 99% used [0x00000000c0000000,0x00000000c312f638,0x00000000c3180000)
 Metaspace       used 6100K, capacity 7000K, committed 7168K, reserved 1056768K
  class space    used 610K, capacity 656K, committed 768K, reserved 1048576K
Event: 11.375 GC heap after
Heap after GC invocations=7 (full 1):
 PSYoungGen      total 120320K, used 9150K [0x00000000eab00000, 0x00000000f6600000, 0x0000000100000000)
  eden space 107520K, 0% used [0x00000000eab00000,0x00000000eab00000,0x00000000f1400000)
  from space 12800K, 71% used [0x00000000f3380000,0x00000000f3c6f980,0x00000000f4000000)
  to   space 32256K, 0% used [0x00000000f1400000,0x00000000f1400000,0x00000000f3380000)
 ParOldGen       total 99840K, used 50647K [0x00000000c0000000, 0x00000000c6180000, 0x00000000eab00000)
  object space 99840K, 50% used [0x00000000c0000000,0x00000000c3175cb8,0x00000000c6180000)
 Metaspace       used 6100K, capacity 7000K, committed 7168K, reserved 1056768K
  class space    used 610K, capacity 656K, committed 768K, reserved 1048576K
}
Event: 11.727 GC heap before
{Heap before GC invocations=8 (full 1):
 PSYoungGen      total 120320K, used 116670K [0x00000000eab00000, 0x00000000f6600000, 0x0000000100000000)
  eden space 107520K, 100% used [0x00000000eab00000,0x00000000f1400000,0x00000000f1400000)
  from space 12800K, 71% used [0x00000000f3380000,0x00000000f3c6f980,0x00000000f4000000)
  to   space 32256K, 0% used [0x00000000f1400000,0x00000000f1400000,0x00000000f3380000)
 ParOldGen       total 99840K, used 50647K [0x00000000c0000000, 0x00000000c6180000, 0x00000000eab00000)
  object space 99840K, 50% used [0x00000000c0000000,0x00000000c3175cb8,0x00000000c6180000)
 Metaspace       used 6101K, capacity 7000K, committed 7168K, reserved 1056768K
  class space    used 610K, capacity 656K, committed 768K, reserved 1048576K
Event: 11.871 GC heap after
Heap after GC invocations=8 (full 1):
 PSYoungGen      total 139776K, used 32250K [0x00000000eab00000, 0x00000000fb300000, 0x0000000100000000)
  eden space 107520K, 0% used [0x00000000eab00000,0x00000000eab00000,0x00000000f1400000)
  from space 32256K, 99% used [0x00000000f1400000,0x00000000f337ebd0,0x00000000f3380000)
  to   space 54272K, 0% used [0x00000000f7e00000,0x00000000f7e00000,0x00000000fb300000)
 ParOldGen       total 99840K, used 80091K [0x00000000c0000000, 0x00000000c6180000, 0x00000000eab00000)
  object space 99840K, 80% used [0x00000000c0000000,0x00000000c4e36c98,0x00000000c6180000)
 Metaspace       used 6101K, capacity 7000K, committed 7168K, reserved 1056768K
  class space    used 610K, capacity 656K, committed 768K, reserved 1048576K
}
Event: 11.871 GC heap before
{Heap before GC invocations=9 (full 2):
 PSYoungGen      total 139776K, used 32250K [0x00000000eab00000, 0x00000000fb300000, 0x0000000100000000)
  eden space 107520K, 0% used [0x00000000eab00000,0x00000000eab00000,0x00000000f1400000)
  from space 32256K, 99% used [0x00000000f1400000,0x00000000f337ebd0,0x00000000f3380000)
  to   space 54272K, 0% used [0x00000000f7e00000,0x00000000f7e00000,0x00000000fb300000)
 ParOldGen       total 99840K, used 80091K [0x00000000c0000000, 0x00000000c6180000, 0x00000000eab00000)
  object space 99840K, 80% used [0x00000000c0000000,0x00000000c4e36c98,0x00000000c6180000)
 Metaspace       used 6101K, capacity 7000K, committed 7168K, reserved 1056768K
  class space    used 610K, capacity 656K, committed 768K, reserved 1048576K

