# JRE version: Java(TM) SE Runtime Environment (8.0_92-b14) (build 1.8.0_92-b14)
# Java VM: Java HotSpot(TM) 64-Bit Server VM (25.92-b14 mixed mode linux-amd64 compressed oops)
Heap:
 PSYoungGen      total 209920K, used 0K [0x00000000eab00000, 0x0000000100000000, 0x0000000100000000)
  eden space 116736K, 0% used [0x00000000eab00000,0x00000000eab00000,0x00000000f1d00000)
  from space 93184K, 0% used [0x00000000fa500000,0x00000000fa500000,0x0000000100000000)
  to   space 116224K, 0% used [0x00000000f1d00000,0x00000000f1d00000,0x00000000f8e80000)
 ParOldGen       total 289792K, used 210870K [0x00000000c0000000, 0x00000000d1b00000, 0x00000000eab00000)
  object space 289792K, 72% used [0x00000000c0000000,0x00000000ccdeda68,0x00000000d1b00000)
 Metaspace       used 6468K, capacity 7256K, committed 7424K, reserved 1056768K
  class space    used 614K, capacity 656K, committed 768K, reserved 1048576K
GC Heap History (10 events):
Event: 9.762 GC heap after
Heap after GC invocations=11 (full 2):
 PSYoungGen      total 264192K, used 51198K [0x00000000eab00000, 0x0000000100000000, 0x0000000100000000)
  eden space 212992K, 0% used [0x00000000eab00000,0x00000000eab00000,0x00000000f7b00000)
  from space 51200K, 99% used [0x00000000f7b00000,0x00000000facff9e0,0x00000000fad00000)
  to   space 79872K, 0% used [0x00000000fb200000,0x00000000fb200000,0x0000000100000000)
 ParOldGen       total 162816K, used 138740K [0x00000000c0000000, 0x00000000c9f00000, 0x00000000eab00000)
  object space 162816K, 85% used [0x00000000c0000000,0x00000000c877d348,0x00000000c9f00000)
 Metaspace       used 6460K, capacity 7256K, committed 7424K, reserved 1056768K
  class space    used 614K, capacity 656K, committed 768K, reserved 1048576K
}
Event: 9.763 GC heap before
{Heap before GC invocations=12 (full 3):
 PSYoungGen      total 264192K, used 51198K [0x00000000eab00000, 0x0000000100000000, 0x0000000100000000)
  eden space 212992K, 0% used [0x00000000eab00000,0x00000000eab00000,0x00000000f7b00000)
  from space 51200K, 99% used [0x00000000f7b00000,0x00000000facff9e0,0x00000000fad00000)
  to   space 79872K, 0% used [0x00000000fb200000,0x00000000fb200000,0x0000000100000000)
 ParOldGen       total 162816K, used 138740K [0x00000000c0000000, 0x00000000c9f00000, 0x00000000eab00000)
  object space 162816K, 85% used [0x00000000c0000000,0x00000000c877d348,0x00000000c9f00000)
 Metaspace       used 6460K, capacity 7256K, committed 7424K, reserved 1056768K
  class space    used 614K, capacity 656K, committed 768K, reserved 1048576K
Event: 10.128 GC heap after
Heap after GC invocations=12 (full 3):
 PSYoungGen      total 264192K, used 18658K [0x00000000eab00000, 0x0000000100000000, 0x0000000100000000)
  eden space 212992K, 0% used [0x00000000eab00000,0x00000000eab00000,0x00000000f7b00000)
  from space 51200K, 36% used [0x00000000f7b00000,0x00000000f8d38a00,0x00000000fad00000)
  to   space 79872K, 0% used [0x00000000fb200000,0x00000000fb200000,0x0000000100000000)
 ParOldGen       total 267264K, used 162325K [0x00000000c0000000, 0x00000000d0500000, 0x00000000eab00000)
  object space 267264K, 60% used [0x00000000c0000000,0x00000000c9e856e0,0x00000000d0500000)
 Metaspace       used 6460K, capacity 7256K, committed 7424K, reserved 1056768K
  class space    used 614K, capacity 656K, committed 768K, reserved 1048576K
}
Event: 10.737 GC heap before
{Heap before GC invocations=13 (full 3):
 PSYoungGen      total 264192K, used 231650K [0x00000000eab00000, 0x0000000100000000, 0x0000000100000000)
  eden space 212992K, 100% used [0x00000000eab00000,0x00000000f7b00000,0x00000000f7b00000)
  from space 51200K, 36% used [0x00000000f7b00000,0x00000000f8d38a00,0x00000000fad00000)
  to   space 79872K, 0% used [0x00000000fb200000,0x00000000fb200000,0x0000000100000000)
 ParOldGen       total 267264K, used 162325K [0x00000000c0000000, 0x00000000d0500000, 0x00000000eab00000)
  object space 267264K, 60% used [0x00000000c0000000,0x00000000c9e856e0,0x00000000d0500000)
 Metaspace       used 6463K, capacity 7256K, committed 7424K, reserved 1056768K
  class space    used 614K, capacity 656K, committed 768K, reserved 1048576K
Event: 10.842 GC heap after
Heap after GC invocations=13 (full 3):
 PSYoungGen      total 242688K, used 76335K [0x00000000eab00000, 0x0000000100000000, 0x0000000100000000)
  eden space 162816K, 0% used [0x00000000eab00000,0x00000000eab00000,0x00000000f4a00000)
  from space 79872K, 95% used [0x00000000fb200000,0x00000000ffc8bd00,0x0000000100000000)
  to   space 93184K, 0% used [0x00000000f4a00000,0x00000000f4a00000,0x00000000fa500000)
 ParOldGen       total 267264K, used 162325K [0x00000000c0000000, 0x00000000d0500000, 0x00000000eab00000)
  object space 267264K, 60% used [0x00000000c0000000,0x00000000c9e856e0,0x00000000d0500000)
 Metaspace       used 6463K, capacity 7256K, committed 7424K, reserved 1056768K
  class space    used 614K, capacity 656K, committed 768K, reserved 1048576K
}
Event: 12.219 GC heap before
{Heap before GC invocations=14 (full 3):
 PSYoungGen      total 242688K, used 239151K [0x00000000eab00000, 0x0000000100000000, 0x0000000100000000)
  eden space 162816K, 100% used [0x00000000eab00000,0x00000000f4a00000,0x00000000f4a00000)
  from space 79872K, 95% used [0x00000000fb200000,0x00000000ffc8bd00,0x0000000100000000)
  to   space 93184K, 0% used [0x00000000f4a00000,0x00000000f4a00000,0x00000000fa500000)
 ParOldGen       total 267264K, used 162325K [0x00000000c0000000, 0x00000000d0500000, 0x00000000eab00000)
  object space 267264K, 60% used [0x00000000c0000000,0x00000000c9e856e0,0x00000000d0500000)
 Metaspace       used 6468K, capacity 7256K, committed 7424K, reserved 1056768K
  class space    used 614K, capacity 656K, committed 768K, reserved 1048576K
Event: 12.331 GC heap after
Heap after GC invocations=14 (full 3):
 PSYoungGen      total 256000K, used 93182K [0x00000000eab00000, 0x0000000100000000, 0x0000000100000000)
  eden space 162816K, 0% used [0x00000000eab00000,0x00000000eab00000,0x00000000f4a00000)
  from space 93184K, 99% used [0x00000000f4a00000,0x00000000fa4ff958,0x00000000fa500000)
  to   space 93184K, 0% used [0x00000000fa500000,0x00000000fa500000,0x0000000100000000)
 ParOldGen       total 267264K, used 191253K [0x00000000c0000000, 0x00000000d0500000, 0x00000000eab00000)
  object space 267264K, 71% used [0x00000000c0000000,0x00000000cbac5718,0x00000000d0500000)
 Metaspace       used 6468K, capacity 7256K, committed 7424K, reserved 1056768K
  class space    used 614K, capacity 656K, committed 768K, reserved 1048576K
}
Event: 12.497 GC heap before
{Heap before GC invocations=15 (full 3):
 PSYoungGen      total 256000K, used 255998K [0x00000000eab00000, 0x0000000100000000, 0x0000000100000000)
  eden space 162816K, 100% used [0x00000000eab00000,0x00000000f4a00000,0x00000000f4a00000)
  from space 93184K, 99% used [0x00000000f4a00000,0x00000000fa4ff958,0x00000000fa500000)
  to   space 93184K, 0% used [0x00000000fa500000,0x00000000fa500000,0x0000000100000000)
 ParOldGen       total 267264K, used 191253K [0x00000000c0000000, 0x00000000d0500000, 0x00000000eab00000)
  object space 267264K, 71% used [0x00000000c0000000,0x00000000cbac5718,0x00000000d0500000)
 Metaspace       used 6468K, capacity 7256K, committed 7424K, reserved 1056768K
  class space    used 614K, capacity 656K, committed 768K, reserved 1048576K
Event: 14.891 GC heap after
Heap after GC invocations=15 (full 3):
 PSYoungGen      total 209920K, used 93158K [0x00000000eab00000, 0x0000000100000000, 0x0000000100000000)
  eden space 116736K, 0% used [0x00000000eab00000,0x00000000eab00000,0x00000000f1d00000)
  from space 93184K, 99% used [0x00000000fa500000,0x00000000ffff9838,0x0000000100000000)
  to   space 116224K, 0% used [0x00000000f1d00000,0x00000000f1d00000,0x00000000f8e80000)
 ParOldGen       total 289792K, used 288917K [0x00000000c0000000, 0x00000000d1b00000, 0x00000000eab00000)
  object space 289792K, 99% used [0x00000000c0000000,0x00000000d1a25790,0x00000000d1b00000)
 Metaspace       used 6468K, capacity 7256K, committed 7424K, reserved 1056768K
  class space    used 614K, capacity 656K, committed 768K, reserved 1048576K
}
Event: 16.072 GC heap before
{Heap before GC invocations=16 (full 4):
 PSYoungGen      total 209920K, used 93158K [0x00000000eab00000, 0x0000000100000000, 0x0000000100000000)
  eden space 116736K, 0% used [0x00000000eab00000,0x00000000eab00000,0x00000000f1d00000)
  from space 93184K, 99% used [0x00000000fa500000,0x00000000ffff9838,0x0000000100000000)
  to   space 116224K, 0% used [0x00000000f1d00000,0x00000000f1d00000,0x00000000f8e80000)
 ParOldGen       total 289792K, used 288917K [0x00000000c0000000, 0x00000000d1b00000, 0x00000000eab00000)
  object space 289792K, 99% used [0x00000000c0000000,0x00000000d1a25790,0x00000000d1b00000)
 Metaspace       used 6468K, capacity 7256K, committed 7424K, reserved 1056768K
  class space    used 614K, capacity 656K, committed 768K, reserved 1048576K

