# JRE version: Java(TM) SE Runtime Environment (8.0_92-b14) (build 1.8.0_92-b14)
# Java VM: Java HotSpot(TM) 64-Bit Server VM (25.92-b14 mixed mode linux-amd64 compressed oops)
Heap:
 PSYoungGen      total 175104K, used 10683K [0x00000000eab00000, 0x00000000fa700000, 0x0000000100000000)
  eden space 142336K, 0% used [0x00000000eab00000,0x00000000eab00000,0x00000000f3600000)
  from space 32768K, 32% used [0x00000000f8700000,0x00000000f916ee68,0x00000000fa700000)
  to   space 47104K, 0% used [0x00000000f4b00000,0x00000000f4b00000,0x00000000f7900000)
 ParOldGen       total 88064K, used 87602K [0x00000000c0000000, 0x00000000c5600000, 0x00000000eab00000)
  object space 88064K, 99% used [0x00000000c0000000,0x00000000c558cad8,0x00000000c5600000)
 Metaspace       used 6434K, capacity 7256K, committed 7424K, reserved 1056768K
  class space    used 612K, capacity 656K, committed 768K, reserved 1048576K
GC Heap History (10 events):
Event: 5.344 GC heap after
Heap after GC invocations=7 (full 0):
 PSYoungGen      total 72704K, used 10224K [0x00000000eab00000, 0x00000000f4200000, 0x0000000100000000)
  eden space 62464K, 0% used [0x00000000eab00000,0x00000000eab00000,0x00000000ee800000)
  from space 10240K, 99% used [0x00000000ee800000,0x00000000ef1fc020,0x00000000ef200000)
  to   space 14848K, 0% used [0x00000000f3380000,0x00000000f3380000,0x00000000f4200000)
 ParOldGen       total 42496K, used 16430K [0x00000000c0000000, 0x00000000c2980000, 0x00000000eab00000)
  object space 42496K, 38% used [0x00000000c0000000,0x00000000c100bb00,0x00000000c2980000)
 Metaspace       used 6031K, capacity 6936K, committed 7168K, reserved 1056768K
  class space    used 612K, capacity 656K, committed 768K, reserved 1048576K
}
Event: 6.078 GC heap before
{Heap before GC invocations=8 (full 0):
 PSYoungGen      total 72704K, used 72688K [0x00000000eab00000, 0x00000000f4200000, 0x0000000100000000)
  eden space 62464K, 100% used [0x00000000eab00000,0x00000000ee800000,0x00000000ee800000)
  from space 10240K, 99% used [0x00000000ee800000,0x00000000ef1fc020,0x00000000ef200000)
  to   space 14848K, 0% used [0x00000000f3380000,0x00000000f3380000,0x00000000f4200000)
 ParOldGen       total 42496K, used 16430K [0x00000000c0000000, 0x00000000c2980000, 0x00000000eab00000)
  object space 42496K, 38% used [0x00000000c0000000,0x00000000c100bb00,0x00000000c2980000)
 Metaspace       used 6114K, capacity 7064K, committed 7424K, reserved 1056768K
  class space    used 612K, capacity 656K, committed 768K, reserved 1048576K
Event: 6.185 GC heap after
Heap after GC invocations=8 (full 0):
 PSYoungGen      total 135168K, used 14833K [0x00000000eab00000, 0x00000000f4b00000, 0x0000000100000000)
  eden space 120320K, 0% used [0x00000000eab00000,0x00000000eab00000,0x00000000f2080000)
  from space 14848K, 99% used [0x00000000f3380000,0x00000000f41fc5f8,0x00000000f4200000)
  to   space 19456K, 0% used [0x00000000f2080000,0x00000000f2080000,0x00000000f3380000)
 ParOldGen       total 42496K, used 20651K [0x00000000c0000000, 0x00000000c2980000, 0x00000000eab00000)
  object space 42496K, 48% used [0x00000000c0000000,0x00000000c142ad98,0x00000000c2980000)
 Metaspace       used 6114K, capacity 7064K, committed 7424K, reserved 1056768K
  class space    used 612K, capacity 656K, committed 768K, reserved 1048576K
}
Event: 9.311 GC heap before
{Heap before GC invocations=9 (full 0):
 PSYoungGen      total 135168K, used 135153K [0x00000000eab00000, 0x00000000f4b00000, 0x0000000100000000)
  eden space 120320K, 100% used [0x00000000eab00000,0x00000000f2080000,0x00000000f2080000)
  from space 14848K, 99% used [0x00000000f3380000,0x00000000f41fc5f8,0x00000000f4200000)
  to   space 19456K, 0% used [0x00000000f2080000,0x00000000f2080000,0x00000000f3380000)
 ParOldGen       total 42496K, used 20651K [0x00000000c0000000, 0x00000000c2980000, 0x00000000eab00000)
  object space 42496K, 48% used [0x00000000c0000000,0x00000000c142ad98,0x00000000c2980000)
 Metaspace       used 6403K, capacity 7192K, committed 7424K, reserved 1056768K
  class space    used 612K, capacity 656K, committed 768K, reserved 1048576K
Event: 9.639 GC heap after
Heap after GC invocations=9 (full 0):
 PSYoungGen      total 139776K, used 19453K [0x00000000eab00000, 0x00000000fa700000, 0x0000000100000000)
  eden space 120320K, 0% used [0x00000000eab00000,0x00000000eab00000,0x00000000f2080000)
  from space 19456K, 99% used [0x00000000f2080000,0x00000000f337f458,0x00000000f3380000)
  to   space 32768K, 0% used [0x00000000f8700000,0x00000000f8700000,0x00000000fa700000)
 ParOldGen       total 46080K, used 45773K [0x00000000c0000000, 0x00000000c2d00000, 0x00000000eab00000)
  object space 46080K, 99% used [0x00000000c0000000,0x00000000c2cb3730,0x00000000c2d00000)
 Metaspace       used 6403K, capacity 7192K, committed 7424K, reserved 1056768K
  class space    used 612K, capacity 656K, committed 768K, reserved 1048576K
}
Event: 9.639 GC heap before
{Heap before GC invocations=10 (full 1):
 PSYoungGen      total 139776K, used 19453K [0x00000000eab00000, 0x00000000fa700000, 0x0000000100000000)
  eden space 120320K, 0% used [0x00000000eab00000,0x00000000eab00000,0x00000000f2080000)
  from space 19456K, 99% used [0x00000000f2080000,0x00000000f337f458,0x00000000f3380000)
  to   space 32768K, 0% used [0x00000000f8700000,0x00000000f8700000,0x00000000fa700000)
 ParOldGen       total 46080K, used 45773K [0x00000000c0000000, 0x00000000c2d00000, 0x00000000eab00000)
  object space 46080K, 99% used [0x00000000c0000000,0x00000000c2cb3730,0x00000000c2d00000)
 Metaspace       used 6403K, capacity 7192K, committed 7424K, reserved 1056768K
  class space    used 612K, capacity 656K, committed 768K, reserved 1048576K
Event: 11.628 GC heap after
Heap after GC invocations=10 (full 1):
 PSYoungGen      total 139776K, used 15839K [0x00000000eab00000, 0x00000000fa700000, 0x0000000100000000)
  eden space 120320K, 0% used [0x00000000eab00000,0x00000000eab00000,0x00000000f2080000)
  from space 19456K, 81% used [0x00000000f2080000,0x00000000f2ff7ca0,0x00000000f3380000)
  to   space 32768K, 0% used [0x00000000f8700000,0x00000000f8700000,0x00000000fa700000)
 ParOldGen       total 88064K, used 45962K [0x00000000c0000000, 0x00000000c5600000, 0x00000000eab00000)
  object space 88064K, 52% used [0x00000000c0000000,0x00000000c2ce2b88,0x00000000c5600000)
 Metaspace       used 6403K, capacity 7192K, committed 7424K, reserved 1056768K
  class space    used 612K, capacity 656K, committed 768K, reserved 1048576K
}
Event: 15.121 GC heap before
{Heap before GC invocations=11 (full 1):
 PSYoungGen      total 139776K, used 136159K [0x00000000eab00000, 0x00000000fa700000, 0x0000000100000000)
  eden space 120320K, 100% used [0x00000000eab00000,0x00000000f2080000,0x00000000f2080000)
  from space 19456K, 81% used [0x00000000f2080000,0x00000000f2ff7ca0,0x00000000f3380000)
  to   space 32768K, 0% used [0x00000000f8700000,0x00000000f8700000,0x00000000fa700000)
 ParOldGen       total 88064K, used 45962K [0x00000000c0000000, 0x00000000c5600000, 0x00000000eab00000)
  object space 88064K, 52% used [0x00000000c0000000,0x00000000c2ce2b88,0x00000000c5600000)
 Metaspace       used 6434K, capacity 7256K, committed 7424K, reserved 1056768K
  class space    used 612K, capacity 656K, committed 768K, reserved 1048576K
Event: 15.326 GC heap after
Heap after GC invocations=11 (full 1):
 PSYoungGen      total 175104K, used 32741K [0x00000000eab00000, 0x00000000fa700000, 0x0000000100000000)
  eden space 142336K, 0% used [0x00000000eab00000,0x00000000eab00000,0x00000000f3600000)
  from space 32768K, 99% used [0x00000000f8700000,0x00000000fa6f9698,0x00000000fa700000)
  to   space 47104K, 0% used [0x00000000f4b00000,0x00000000f4b00000,0x00000000f7900000)
 ParOldGen       total 88064K, used 69281K [0x00000000c0000000, 0x00000000c5600000, 0x00000000eab00000)
  object space 88064K, 78% used [0x00000000c0000000,0x00000000c43a8660,0x00000000c5600000)
 Metaspace       used 6434K, capacity 7256K, committed 7424K, reserved 1056768K
  class space    used 612K, capacity 656K, committed 768K, reserved 1048576K
}
Event: 15.326 GC heap before
{Heap before GC invocations=12 (full 2):
 PSYoungGen      total 175104K, used 32741K [0x00000000eab00000, 0x00000000fa700000, 0x0000000100000000)
  eden space 142336K, 0% used [0x00000000eab00000,0x00000000eab00000,0x00000000f3600000)
  from space 32768K, 99% used [0x00000000f8700000,0x00000000fa6f9698,0x00000000fa700000)
  to   space 47104K, 0% used [0x00000000f4b00000,0x00000000f4b00000,0x00000000f7900000)
 ParOldGen       total 88064K, used 69281K [0x00000000c0000000, 0x00000000c5600000, 0x00000000eab00000)
  object space 88064K, 78% used [0x00000000c0000000,0x00000000c43a8660,0x00000000c5600000)
 Metaspace       used 6434K, capacity 7256K, committed 7424K, reserved 1056768K
  class space    used 612K, capacity 656K, committed 768K, reserved 1048576K

